[20:44:54] [Client thread/INFO]: Setting user: Player983
[20:44:56] [Client thread/INFO]: LWJGL Version: 2.9.1
[20:44:58] [Client thread/INFO]: Reloading ResourceManager: Default, FMLFileResourcePack:Forge Mod Loader, FMLFileResourcePack:Minecraft Forge, FMLFileResourcePack:examplemod, FMLFileResourcePack:Magic Joe Mod
[20:44:58] [Sound Library Loader/INFO]: Starting up SoundSystem...
[20:44:58] [Thread-9/INFO]: Initializing LWJGL OpenAL
[20:44:58] [Thread-9/INFO]: (The LWJGL binding of OpenAL.  For more information, see http://www.lwjgl.org)
[20:44:58] [Thread-9/INFO]: OpenAL initialized.
[20:44:59] [Sound Library Loader/INFO]: Sound engine started
[20:44:59] [Client thread/WARN]: Invalid sounds.json
com.google.gson.JsonSyntaxException: java.lang.IllegalStateException: Expected BEGIN_OBJECT but was STRING at line 1 column 1
	at com.google.gson.Gson.fromJson(Gson.java:815) ~[Gson.class:?]
	at com.google.gson.Gson.fromJson(Gson.java:768) ~[Gson.class:?]
	at net.minecraft.client.audio.SoundHandler.getSoundMap(SoundHandler.java:114) ~[SoundHandler.class:?]
	at net.minecraft.client.audio.SoundHandler.onResourceManagerReload(SoundHandler.java:86) [SoundHandler.class:?]
	at net.minecraft.client.resources.SimpleReloadableResourceManager.registerReloadListener(SimpleReloadableResourceManager.java:130) [SimpleReloadableResourceManager.class:?]
	at net.minecraft.client.Minecraft.startGame(Minecraft.java:454) [Minecraft.class:?]
	at net.minecraft.client.Minecraft.run(Minecraft.java:356) [Minecraft.class:?]
	at net.minecraft.client.main.Main.main(Main.java:117) [Main.class:?]
	at sun.reflect.NativeMethodAccessorImpl.invoke0(Native Method) ~[?:1.8.0_101]
	at sun.reflect.NativeMethodAccessorImpl.invoke(NativeMethodAccessorImpl.java:62) ~[?:1.8.0_101]
	at sun.reflect.DelegatingMethodAccessorImpl.invoke(DelegatingMethodAccessorImpl.java:43) ~[?:1.8.0_101]
	at java.lang.reflect.Method.invoke(Method.java:498) ~[?:1.8.0_101]
	at net.minecraft.launchwrapper.Launch.launch(Launch.java:135) [launchwrapper-1.12.jar:?]
	at net.minecraft.launchwrapper.Launch.main(Launch.java:28) [launchwrapper-1.12.jar:?]
	at sun.reflect.NativeMethodAccessorImpl.invoke0(Native Method) ~[?:1.8.0_101]
	at sun.reflect.NativeMethodAccessorImpl.invoke(NativeMethodAccessorImpl.java:62) ~[?:1.8.0_101]
	at sun.reflect.DelegatingMethodAccessorImpl.invoke(DelegatingMethodAccessorImpl.java:43) ~[?:1.8.0_101]
	at java.lang.reflect.Method.invoke(Method.java:498) ~[?:1.8.0_101]
	at net.minecraftforge.gradle.GradleStartCommon.launch(Unknown Source) [start/:?]
	at GradleStart.main(Unknown Source) [start/:?]
Caused by: java.lang.IllegalStateException: Expected BEGIN_OBJECT but was STRING at line 1 column 1
	at com.google.gson.stream.JsonReader.beginObject(JsonReader.java:374) ~[JsonReader.class:?]
	at com.google.gson.internal.bind.MapTypeAdapterFactory$Adapter.read(MapTypeAdapterFactory.java:183) ~[MapTypeAdapterFactory$Adapter.class:?]
	at com.google.gson.internal.bind.MapTypeAdapterFactory$Adapter.read(MapTypeAdapterFactory.java:145) ~[MapTypeAdapterFactory$Adapter.class:?]
	at com.google.gson.Gson.fromJson(Gson.java:803) ~[Gson.class:?]
	... 19 more
[20:44:59] [Client thread/WARN]: Invalid sounds.json
com.google.gson.JsonSyntaxException: java.lang.IllegalStateException: Expected BEGIN_OBJECT but was STRING at line 1 column 1
	at com.google.gson.Gson.fromJson(Gson.java:815) ~[Gson.class:?]
	at com.google.gson.Gson.fromJson(Gson.java:768) ~[Gson.class:?]
	at net.minecraft.client.audio.SoundHandler.getSoundMap(SoundHandler.java:114) ~[SoundHandler.class:?]
	at net.minecraft.client.audio.SoundHandler.onResourceManagerReload(SoundHandler.java:86) [SoundHandler.class:?]
	at net.minecraft.client.resources.SimpleReloadableResourceManager.registerReloadListener(SimpleReloadableResourceManager.java:130) [SimpleReloadableResourceManager.class:?]
	at net.minecraft.client.Minecraft.startGame(Minecraft.java:454) [Minecraft.class:?]
	at net.minecraft.client.Minecraft.run(Minecraft.java:356) [Minecraft.class:?]
	at net.minecraft.client.main.Main.main(Main.java:117) [Main.class:?]
	at sun.reflect.NativeMethodAccessorImpl.invoke0(Native Method) ~[?:1.8.0_101]
	at sun.reflect.NativeMethodAccessorImpl.invoke(NativeMethodAccessorImpl.java:62) ~[?:1.8.0_101]
	at sun.reflect.DelegatingMethodAccessorImpl.invoke(DelegatingMethodAccessorImpl.java:43) ~[?:1.8.0_101]
	at java.lang.reflect.Method.invoke(Method.java:498) ~[?:1.8.0_101]
	at net.minecraft.launchwrapper.Launch.launch(Launch.java:135) [launchwrapper-1.12.jar:?]
	at net.minecraft.launchwrapper.Launch.main(Launch.java:28) [launchwrapper-1.12.jar:?]
	at sun.reflect.NativeMethodAccessorImpl.invoke0(Native Method) ~[?:1.8.0_101]
	at sun.reflect.NativeMethodAccessorImpl.invoke(NativeMethodAccessorImpl.java:62) ~[?:1.8.0_101]
	at sun.reflect.DelegatingMethodAccessorImpl.invoke(DelegatingMethodAccessorImpl.java:43) ~[?:1.8.0_101]
	at java.lang.reflect.Method.invoke(Method.java:498) ~[?:1.8.0_101]
	at net.minecraftforge.gradle.GradleStartCommon.launch(Unknown Source) [start/:?]
	at GradleStart.main(Unknown Source) [start/:?]
Caused by: java.lang.IllegalStateException: Expected BEGIN_OBJECT but was STRING at line 1 column 1
	at com.google.gson.stream.JsonReader.beginObject(JsonReader.java:374) ~[JsonReader.class:?]
	at com.google.gson.internal.bind.MapTypeAdapterFactory$Adapter.read(MapTypeAdapterFactory.java:183) ~[MapTypeAdapterFactory$Adapter.class:?]
	at com.google.gson.internal.bind.MapTypeAdapterFactory$Adapter.read(MapTypeAdapterFactory.java:145) ~[MapTypeAdapterFactory$Adapter.class:?]
	at com.google.gson.Gson.fromJson(Gson.java:803) ~[Gson.class:?]
	... 19 more
[20:45:00] [Client thread/INFO]: Created: 16x16 textures-atlas
[20:45:01] [Client thread/INFO]: Reloading ResourceManager: Default, FMLFileResourcePack:Forge Mod Loader, FMLFileResourcePack:Minecraft Forge, FMLFileResourcePack:examplemod, FMLFileResourcePack:Magic Joe Mod
[20:45:01] [Client thread/INFO]: SoundSystem shutting down...
[20:45:01] [Client thread/WARN]: Author: Paul Lamb, www.paulscode.com
[20:45:01] [Sound Library Loader/INFO]: Starting up SoundSystem...
[20:45:01] [Thread-11/INFO]: Initializing LWJGL OpenAL
[20:45:01] [Thread-11/INFO]: (The LWJGL binding of OpenAL.  For more information, see http://www.lwjgl.org)
[20:45:01] [Thread-11/INFO]: OpenAL initialized.
[20:45:01] [Sound Library Loader/INFO]: Sound engine started
[20:45:02] [Client thread/WARN]: Invalid sounds.json
com.google.gson.JsonSyntaxException: java.lang.IllegalStateException: Expected BEGIN_OBJECT but was STRING at line 1 column 1
	at com.google.gson.Gson.fromJson(Gson.java:815) ~[Gson.class:?]
	at com.google.gson.Gson.fromJson(Gson.java:768) ~[Gson.class:?]
	at net.minecraft.client.audio.SoundHandler.getSoundMap(SoundHandler.java:114) ~[SoundHandler.class:?]
	at net.minecraft.client.audio.SoundHandler.onResourceManagerReload(SoundHandler.java:86) [SoundHandler.class:?]
	at net.minecraft.client.resources.SimpleReloadableResourceManager.notifyReloadListeners(SimpleReloadableResourceManager.java:143) [SimpleReloadableResourceManager.class:?]
	at net.minecraft.client.resources.SimpleReloadableResourceManager.reloadResources(SimpleReloadableResourceManager.java:121) [SimpleReloadableResourceManager.class:?]
	at net.minecraft.client.Minecraft.refreshResources(Minecraft.java:774) [Minecraft.class:?]
	at net.minecraftforge.fml.client.FMLClientHandler.finishMinecraftLoading(FMLClientHandler.java:332) [FMLClientHandler.class:?]
	at net.minecraft.client.Minecraft.startGame(Minecraft.java:528) [Minecraft.class:?]
	at net.minecraft.client.Minecraft.run(Minecraft.java:356) [Minecraft.class:?]
	at net.minecraft.client.main.Main.main(Main.java:117) [Main.class:?]
	at sun.reflect.NativeMethodAccessorImpl.invoke0(Native Method) ~[?:1.8.0_101]
	at sun.reflect.NativeMethodAccessorImpl.invoke(NativeMethodAccessorImpl.java:62) ~[?:1.8.0_101]
	at sun.reflect.DelegatingMethodAccessorImpl.invoke(DelegatingMethodAccessorImpl.java:43) ~[?:1.8.0_101]
	at java.lang.reflect.Method.invoke(Method.java:498) ~[?:1.8.0_101]
	at net.minecraft.launchwrapper.Launch.launch(Launch.java:135) [launchwrapper-1.12.jar:?]
	at net.minecraft.launchwrapper.Launch.main(Launch.java:28) [launchwrapper-1.12.jar:?]
	at sun.reflect.NativeMethodAccessorImpl.invoke0(Native Method) ~[?:1.8.0_101]
	at sun.reflect.NativeMethodAccessorImpl.invoke(NativeMethodAccessorImpl.java:62) ~[?:1.8.0_101]
	at sun.reflect.DelegatingMethodAccessorImpl.invoke(DelegatingMethodAccessorImpl.java:43) ~[?:1.8.0_101]
	at java.lang.reflect.Method.invoke(Method.java:498) ~[?:1.8.0_101]
	at net.minecraftforge.gradle.GradleStartCommon.launch(Unknown Source) [start/:?]
	at GradleStart.main(Unknown Source) [start/:?]
Caused by: java.lang.IllegalStateException: Expected BEGIN_OBJECT but was STRING at line 1 column 1
	at com.google.gson.stream.JsonReader.beginObject(JsonReader.java:374) ~[JsonReader.class:?]
	at com.google.gson.internal.bind.MapTypeAdapterFactory$Adapter.read(MapTypeAdapterFactory.java:183) ~[MapTypeAdapterFactory$Adapter.class:?]
	at com.google.gson.internal.bind.MapTypeAdapterFactory$Adapter.read(MapTypeAdapterFactory.java:145) ~[MapTypeAdapterFactory$Adapter.class:?]
	at com.google.gson.Gson.fromJson(Gson.java:803) ~[Gson.class:?]
	... 22 more
[20:45:02] [Client thread/WARN]: Invalid sounds.json
com.google.gson.JsonSyntaxException: java.lang.IllegalStateException: Expected BEGIN_OBJECT but was STRING at line 1 column 1
	at com.google.gson.Gson.fromJson(Gson.java:815) ~[Gson.class:?]
	at com.google.gson.Gson.fromJson(Gson.java:768) ~[Gson.class:?]
	at net.minecraft.client.audio.SoundHandler.getSoundMap(SoundHandler.java:114) ~[SoundHandler.class:?]
	at net.minecraft.client.audio.SoundHandler.onResourceManagerReload(SoundHandler.java:86) [SoundHandler.class:?]
	at net.minecraft.client.resources.SimpleReloadableResourceManager.notifyReloadListeners(SimpleReloadableResourceManager.java:143) [SimpleReloadableResourceManager.class:?]
	at net.minecraft.client.resources.SimpleReloadableResourceManager.reloadResources(SimpleReloadableResourceManager.java:121) [SimpleReloadableResourceManager.class:?]
	at net.minecraft.client.Minecraft.refreshResources(Minecraft.java:774) [Minecraft.class:?]
	at net.minecraftforge.fml.client.FMLClientHandler.finishMinecraftLoading(FMLClientHandler.java:332) [FMLClientHandler.class:?]
	at net.minecraft.client.Minecraft.startGame(Minecraft.java:528) [Minecraft.class:?]
	at net.minecraft.client.Minecraft.run(Minecraft.java:356) [Minecraft.class:?]
	at net.minecraft.client.main.Main.main(Main.java:117) [Main.class:?]
	at sun.reflect.NativeMethodAccessorImpl.invoke0(Native Method) ~[?:1.8.0_101]
	at sun.reflect.NativeMethodAccessorImpl.invoke(NativeMethodAccessorImpl.java:62) ~[?:1.8.0_101]
	at sun.reflect.DelegatingMethodAccessorImpl.invoke(DelegatingMethodAccessorImpl.java:43) ~[?:1.8.0_101]
	at java.lang.reflect.Method.invoke(Method.java:498) ~[?:1.8.0_101]
	at net.minecraft.launchwrapper.Launch.launch(Launch.java:135) [launchwrapper-1.12.jar:?]
	at net.minecraft.launchwrapper.Launch.main(Launch.java:28) [launchwrapper-1.12.jar:?]
	at sun.reflect.NativeMethodAccessorImpl.invoke0(Native Method) ~[?:1.8.0_101]
	at sun.reflect.NativeMethodAccessorImpl.invoke(NativeMethodAccessorImpl.java:62) ~[?:1.8.0_101]
	at sun.reflect.DelegatingMethodAccessorImpl.invoke(DelegatingMethodAccessorImpl.java:43) ~[?:1.8.0_101]
	at java.lang.reflect.Method.invoke(Method.java:498) ~[?:1.8.0_101]
	at net.minecraftforge.gradle.GradleStartCommon.launch(Unknown Source) [start/:?]
	at GradleStart.main(Unknown Source) [start/:?]
Caused by: java.lang.IllegalStateException: Expected BEGIN_OBJECT but was STRING at line 1 column 1
	at com.google.gson.stream.JsonReader.beginObject(JsonReader.java:374) ~[JsonReader.class:?]
	at com.google.gson.internal.bind.MapTypeAdapterFactory$Adapter.read(MapTypeAdapterFactory.java:183) ~[MapTypeAdapterFactory$Adapter.class:?]
	at com.google.gson.internal.bind.MapTypeAdapterFactory$Adapter.read(MapTypeAdapterFactory.java:145) ~[MapTypeAdapterFactory$Adapter.class:?]
	at com.google.gson.Gson.fromJson(Gson.java:803) ~[Gson.class:?]
	... 22 more
[20:45:02] [Client thread/INFO]: Created: 512x512 textures-atlas
[20:45:05] [Server thread/INFO]: Starting integrated minecraft server version 1.8
[20:45:05] [Server thread/INFO]: Generating keypair
[20:45:05] [Server thread/INFO]: Preparing start region for level 0
[20:45:06] [Server thread/INFO]: Changing view distance to 4, from 10
[20:45:07] [Server thread/INFO]: Player983[local:E:1839f47d] logged in with entity id 378 at (290.8858480067542, 71.0, 150.20402415737342)
[20:45:07] [Server thread/INFO]: Player983 joined the game
[20:47:18] [Server thread/INFO]: Saving and pausing game...
[20:47:18] [Server thread/INFO]: Saving chunks for level 'test'/Overworld
[20:47:18] [Server thread/INFO]: Saving chunks for level 'test'/Nether
[20:47:18] [Server thread/INFO]: Saving chunks for level 'test'/The End
[20:47:45] [Chunk Batcher 0/WARN]: Biome ID is out of bounds: -1, defaulting to 0 (Ocean)
[20:47:45] [Chunk Batcher 0/WARN]: Biome ID is out of bounds: -1, defaulting to 0 (Ocean)
[20:47:45] [Chunk Batcher 0/WARN]: Biome ID is out of bounds: -1, defaulting to 0 (Ocean)
[20:47:45] [Chunk Batcher 0/WARN]: Biome ID is out of bounds: -1, defaulting to 0 (Ocean)
[20:47:45] [Chunk Batcher 0/WARN]: Biome ID is out of bounds: -1, defaulting to 0 (Ocean)
[20:47:45] [Chunk Batcher 0/WARN]: Biome ID is out of bounds: -1, defaulting to 0 (Ocean)
[20:47:45] [Chunk Batcher 0/WARN]: Biome ID is out of bounds: -1, defaulting to 0 (Ocean)
[20:47:45] [Chunk Batcher 0/WARN]: Biome ID is out of bounds: -1, defaulting to 0 (Ocean)
[20:47:45] [Chunk Batcher 0/WARN]: Biome ID is out of bounds: -1, defaulting to 0 (Ocean)
[20:47:45] [Chunk Batcher 0/WARN]: Biome ID is out of bounds: -1, defaulting to 0 (Ocean)
[20:47:45] [Chunk Batcher 0/WARN]: Biome ID is out of bounds: -1, defaulting to 0 (Ocean)
[20:47:45] [Chunk Batcher 0/WARN]: Biome ID is out of bounds: -1, defaulting to 0 (Ocean)
[20:47:58] [Server thread/INFO]: Saving and pausing game...
[20:47:58] [Server thread/INFO]: Saving chunks for level 'test'/Overworld
[20:47:58] [Server thread/INFO]: Saving chunks for level 'test'/Nether
[20:47:58] [Server thread/INFO]: Saving chunks for level 'test'/The End
[20:53:10] [Server thread/INFO]: Stopping server
[20:53:10] [Server thread/INFO]: Saving players
[20:53:10] [Server thread/INFO]: Saving worlds
[20:53:10] [Server thread/INFO]: Saving chunks for level 'test'/Overworld
[20:53:10] [Server thread/INFO]: Saving chunks for level 'test'/Nether
[20:53:10] [Server thread/INFO]: Saving chunks for level 'test'/The End
[20:53:11] [Client thread/INFO]: Stopping!
[20:53:11] [Client thread/INFO]: SoundSystem shutting down...
[20:53:11] [Client thread/WARN]: Author: Paul Lamb, www.paulscode.com
